0 info it worked if it ends with ok
1 verbose cli [ '/usr/bin/node', '/usr/bin/npm', 'uninstall', 'gh-deploy' ]
2 info using npm@1.4.28
3 info using node@v0.10.37
4 verbose node symlink /usr/bin/node
5 verbose node_modules/gh-deploy unbuild
6 info preuninstall gh-deploy@0.2.3
7 info uninstall gh-deploy@0.2.3
8 verbose true,/home/dfsq/Prog/project/text-progress/node_modules,/home/dfsq/Prog/project/text-progress/node_modules unbuild gh-deploy@0.2.3
9 verbose /home/dfsq/Prog/project/text-progress/node_modules/.bin,[object Object] binRoot
10 error Error: EACCES, unlink '/home/dfsq/Prog/project/text-progress/node_modules/.bin/gh-deploy'
10 error  { [Error: EACCES, unlink '/home/dfsq/Prog/project/text-progress/node_modules/.bin/gh-deploy']
10 error   errno: 3,
10 error   code: 'EACCES',
10 error   path: '/home/dfsq/Prog/project/text-progress/node_modules/.bin/gh-deploy' }
11 error Please try running this command again as root/Administrator.
12 error System Linux 3.13.0-55-generic
13 error command "/usr/bin/node" "/usr/bin/npm" "uninstall" "gh-deploy"
14 error cwd /home/dfsq/Prog/project/text-progress
15 error node -v v0.10.37
16 error npm -v 1.4.28
17 error path /home/dfsq/Prog/project/text-progress/node_modules/.bin/gh-deploy
18 error code EACCES
19 error errno 3
20 error stack Error: EACCES, unlink '/home/dfsq/Prog/project/text-progress/node_modules/.bin/gh-deploy'
21 verbose exit [ 3, true ]
